<?xml version="1.0" encoding="UTF-8"?>
<testsuite xmlns:xsi="http://www.w3.org/2001/XMLSchema-instance" xsi:noNamespaceSchemaLocation="https://maven.apache.org/surefire/maven-surefire-plugin/xsd/surefire-test-report.xsd" version="3.0.2" name="dev.patriciafb.spring.ApplicationTests" time="10.422" tests="1" errors="0" skipped="0" failures="0">
  <properties>
[...]
</properties>
  <testcase name="contextLoads" classname="dev.patriciafb.spring.ApplicationTests" time="1.139">
    <system-out><![CDATA[17:23:57.638 [main] INFO org.springframework.test.context.support.AnnotationConfigContextLoaderUtils -- Could not detect default configuration classes for test class [dev.patriciafb.spring.ApplicationTests]: ApplicationTests does not declare any static, non-private, non-final, nested classes annotated with @Configuration.
17:23:57.893 [main] INFO org.springframework.boot.test.context.SpringBootTestContextBootstrapper -- Found @SpringBootConfiguration dev.patriciafb.spring.Application for test class dev.patriciafb.spring.ApplicationTests
17:23:58.522 [main] INFO org.springframework.boot.devtools.restart.RestartApplicationListener -- Restart disabled due to context in which it is running

  .   ____          _            __ _ _
 /\\ / ___'_ __ _ _(_)_ __  __ _ \ \ \ \
( ( )\___ | '_ | '_| | '_ \/ _` | \ \ \ \
 \\/  ___)| |_)| | | | | || (_| |  ) ) ) )
  '  |____| .__|_| |_|_| |_\__, | / / / /
 =========|_|==============|___/=/_/_/_/

 :: Spring Boot ::                (v3.4.4)

2025-04-19T17:23:59.381+02:00  INFO 52483 --- [spring] [           main] dev.patriciafb.spring.ApplicationTests   : Starting ApplicationTests using Java 21.0.5 with PID 52483 (started by patricia in /Users/patricia/Desktop/GLOBE/BE)
2025-04-19T17:23:59.384+02:00  INFO 52483 --- [spring] [           main] dev.patriciafb.spring.ApplicationTests   : No active profile set, falling back to 1 default profile: "default"
2025-04-19T17:24:00.737+02:00  INFO 52483 --- [spring] [           main] .s.d.r.c.RepositoryConfigurationDelegate : Bootstrapping Spring Data JPA repositories in DEFAULT mode.
2025-04-19T17:24:00.881+02:00  INFO 52483 --- [spring] [           main] .s.d.r.c.RepositoryConfigurationDelegate : Finished Spring Data repository scanning in 127 ms. Found 5 JPA repository interfaces.
2025-04-19T17:24:01.704+02:00  INFO 52483 --- [spring] [           main] o.hibernate.jpa.internal.util.LogHelper  : HHH000204: Processing PersistenceUnitInfo [name: default]
2025-04-19T17:24:01.797+02:00  INFO 52483 --- [spring] [           main] org.hibernate.Version                    : HHH000412: Hibernate ORM core version 6.6.11.Final
2025-04-19T17:24:01.871+02:00  INFO 52483 --- [spring] [           main] o.h.c.internal.RegionFactoryInitiator    : HHH000026: Second-level cache disabled
2025-04-19T17:24:02.320+02:00  INFO 52483 --- [spring] [           main] o.s.o.j.p.SpringPersistenceUnitInfo      : No LoadTimeWeaver setup: ignoring JPA class transformer
2025-04-19T17:24:02.375+02:00  INFO 52483 --- [spring] [           main] com.zaxxer.hikari.HikariDataSource       : HikariPool-1 - Starting...
2025-04-19T17:24:02.755+02:00  INFO 52483 --- [spring] [           main] com.zaxxer.hikari.pool.HikariPool        : HikariPool-1 - Added connection conn0: url=jdbc:h2:mem:academia user=SA
2025-04-19T17:24:02.758+02:00  INFO 52483 --- [spring] [           main] com.zaxxer.hikari.HikariDataSource       : HikariPool-1 - Start completed.
2025-04-19T17:24:02.903+02:00  INFO 52483 --- [spring] [           main] org.hibernate.orm.connections.pooling    : HHH10001005: Database info:
	Database JDBC URL [Connecting through datasource 'HikariDataSource (HikariPool-1)']
	Database driver: undefined/unknown
	Database version: 2.3.232
	Autocommit mode: undefined/unknown
	Isolation level: undefined/unknown
	Minimum pool size: undefined/unknown
	Maximum pool size: undefined/unknown
2025-04-19T17:24:04.505+02:00  INFO 52483 --- [spring] [           main] o.h.e.t.j.p.i.JtaPlatformInitiator       : HHH000489: No JTA platform available (set 'hibernate.transaction.jta.platform' to enable JTA platform integration)
Hibernate: create table academy (id bigint generated by default as identity, name varchar(255), primary key (id))
Hibernate: create table groups (id bigint generated by default as identity, name varchar(255), schedule varchar(255), primary key (id))
Hibernate: create table notification (id bigint generated by default as identity, content varchar(255), sent_at timestamp(6), title varchar(255), recipient_id bigint, primary key (id))
Hibernate: create table student (id bigint generated by default as identity, has_attendance_issues boolean not null, level enum ('A1','A2','B1','B2','C1','C2'), name varchar(255), surname varchar(255), academy_id bigint, group_id bigint, teacher_id bigint, primary key (id))
Hibernate: create table teacher (id bigint generated by default as identity, full_name varchar(255), primary key (id))
Hibernate: alter table if exists notification add constraint FKas4rtckrebomk28iyqxxih4ig foreign key (recipient_id) references student
Hibernate: alter table if exists student add constraint FKqv02q25603d5oytnds4l9y3gs foreign key (academy_id) references academy
Hibernate: alter table if exists student add constraint FKsflcrdigyrhbqi27vvioiw53q foreign key (group_id) references groups
Hibernate: alter table if exists student add constraint FK3mphcmldvs29jl1w40ssg300j foreign key (teacher_id) references teacher
2025-04-19T17:24:04.670+02:00  INFO 52483 --- [spring] [           main] j.LocalContainerEntityManagerFactoryBean : Initialized JPA EntityManagerFactory for persistence unit 'default'
2025-04-19T17:24:05.843+02:00  WARN 52483 --- [spring] [           main] JpaBaseConfiguration$JpaWebConfiguration : spring.jpa.open-in-view is enabled by default. Therefore, database queries may be performed during view rendering. Explicitly configure spring.jpa.open-in-view to disable this warning
2025-04-19T17:24:06.450+02:00  INFO 52483 --- [spring] [           main] o.s.b.a.h2.H2ConsoleAutoConfiguration    : H2 console available at '/h2-console'. Database available at 'jdbc:h2:mem:academia'
2025-04-19T17:24:06.622+02:00  INFO 52483 --- [spring] [           main] dev.patriciafb.spring.ApplicationTests   : Started ApplicationTests in 8.126 seconds (process running for 10.339)
]]></system-out>
    <system-err><![CDATA[Mockito is currently self-attaching to enable the inline-mock-maker. This will no longer work in future releases of the JDK. Please add Mockito as an agent to your build what is described in Mockito's documentation: https://javadoc.io/doc/org.mockito/mockito-core/latest/org/mockito/Mockito.html#0.3
WARNING: A Java agent has been loaded dynamically (/Users/patricia/.m2/repository/net/bytebuddy/byte-buddy-agent/1.15.11/byte-buddy-agent-1.15.11.jar)
WARNING: If a serviceability tool is in use, please run with -XX:+EnableDynamicAgentLoading to hide this warning
WARNING: If a serviceability tool is not in use, please run with -Djdk.instrument.traceUsage for more information
WARNING: Dynamic loading of agents will be disallowed by default in a future release
]]></system-err>
  </testcase>
</testsuite>